<?xml version="1.0" encoding="UTF-8"?>
<testsuite xmlns:xsi="http://www.w3.org/2001/XMLSchema-instance" xsi:noNamespaceSchemaLocation="https://maven.apache.org/surefire/maven-surefire-plugin/xsd/surefire-test-report.xsd" name="com.rowenci.timemachine.TimemachineApplicationTests" time="16.962" tests="2" errors="0" skipped="0" failures="0">
  <properties>
[...]
</properties>
  <testcase name="email" classname="com.rowenci.timemachine.TimemachineApplicationTests" time="3.402"/>
  <testcase name="contextLoads" classname="com.rowenci.timemachine.TimemachineApplicationTests" time="0.004"/>
</testsuite>